-------------------------------------------------------------------------------
Test set: edu.eci.cvds.tdd.library.LibraryTest
-------------------------------------------------------------------------------
Tests run: 19, Failures: 1, Errors: 0, Skipped: 0, Time elapsed: 0.092 s <<< FAILURE! -- in edu.eci.cvds.tdd.library.LibraryTest
edu.eci.cvds.tdd.library.LibraryTest.shouldNot_returnALoan_whenItIsReturned -- Time elapsed: 0.005 s <<< FAILURE!
org.opentest4j.AssertionFailedError: Expected java.lang.IllegalArgumentException to be thrown, but nothing was thrown.
	at org.junit.jupiter.api.AssertionFailureBuilder.build(AssertionFailureBuilder.java:152)
	at org.junit.jupiter.api.AssertThrows.assertThrows(AssertThrows.java:73)
	at org.junit.jupiter.api.AssertThrows.assertThrows(AssertThrows.java:35)
	at org.junit.jupiter.api.Assertions.assertThrows(Assertions.java:3128)
	at edu.eci.cvds.tdd.library.LibraryTest.shouldNot_returnALoan_whenItIsReturned(LibraryTest.java:149)
	at java.base/java.lang.reflect.Method.invoke(Method.java:580)
	at java.base/java.util.ArrayList.forEach(ArrayList.java:1597)
	at java.base/java.util.ArrayList.forEach(ArrayList.java:1597)

